2026-02-10 10:56:46 - INFO - Using latest training data: data/processed/training_sets\churn_prediction_v1_20260210_105644.csv
2026-02-10 10:56:46 - INFO - Loading data from data/processed/training_sets\churn_prediction_v1_20260210_105644.csv...
2026-02-10 10:56:46 - INFO - Cleaning 'TotalCharges' column.
2026-02-10 10:56:46 - INFO - Selecting only numeric features for training.
2026-02-10 10:56:46 - INFO - Training with 41 features: ['SeniorCitizen', 'tenure', 'MonthlyCharges', 'TotalCharges', 'gender_Male', 'Partner_Yes', 'Dependents_Yes', 'PhoneService_Yes', 'MultipleLines_No phone service', 'MultipleLines_Yes', 'InternetService_Fiber optic', 'InternetService_No', 'OnlineSecurity_No internet service', 'OnlineSecurity_Yes', 'OnlineBackup_No internet service', 'OnlineBackup_Yes', 'DeviceProtection_No internet service', 'DeviceProtection_Yes', 'TechSupport_No internet service', 'TechSupport_Yes', 'StreamingTV_No internet service', 'StreamingTV_Yes', 'StreamingMovies_No internet service', 'StreamingMovies_Yes', 'Contract_One year', 'Contract_Two year', 'PaperlessBilling_Yes', 'PaymentMethod_Credit card (automatic)', 'PaymentMethod_Electronic check', 'PaymentMethod_Mailed check', 'tenure_group', 'charges_per_tenure', 'total_to_monthly_ratio', 'avg_monthly_charges', 'total_services', 'service_density', 'customer_value_segment', 'tenure_stability', 'tenure_monthly_interaction', 'tenure_total_interaction', 'services_charges_interaction']
2026-02-10 10:56:47 - INFO - Starting MLflow Run ID: 9ebb6b3f47fe429a9ddcb8b8c8b12b98
2026-02-10 10:56:47 - INFO - Training 'logistic_regression' model...
2026-02-10 10:56:47 - INFO - Evaluating model performance...
2026-02-10 10:56:47 - INFO - Logging experiment to MLflow...
2026-02-10 10:57:04 - INFO - Successfully trained model and logged to MLflow. Weights saved at data/models\logreg_model_20260210_105646.joblib
2026-02-10 11:12:59 - WARNING - MLflow tracking disabled - not available
2026-02-10 11:12:59 - INFO - Using latest training data: data/processed/training_sets\churn_prediction_v1_20260210_111258.csv
2026-02-10 11:12:59 - INFO - Loading data from data/processed/training_sets\churn_prediction_v1_20260210_111258.csv...
2026-02-10 11:12:59 - INFO - Cleaning 'TotalCharges' column.
2026-02-10 11:12:59 - INFO - Selecting only numeric features for training.
2026-02-10 11:12:59 - INFO - Training with 41 features: ['SeniorCitizen', 'tenure', 'MonthlyCharges', 'TotalCharges', 'gender_Male', 'Partner_Yes', 'Dependents_Yes', 'PhoneService_Yes', 'MultipleLines_No phone service', 'MultipleLines_Yes', 'InternetService_Fiber optic', 'InternetService_No', 'OnlineSecurity_No internet service', 'OnlineSecurity_Yes', 'OnlineBackup_No internet service', 'OnlineBackup_Yes', 'DeviceProtection_No internet service', 'DeviceProtection_Yes', 'TechSupport_No internet service', 'TechSupport_Yes', 'StreamingTV_No internet service', 'StreamingTV_Yes', 'StreamingMovies_No internet service', 'StreamingMovies_Yes', 'Contract_One year', 'Contract_Two year', 'PaperlessBilling_Yes', 'PaymentMethod_Credit card (automatic)', 'PaymentMethod_Electronic check', 'PaymentMethod_Mailed check', 'tenure_group', 'charges_per_tenure', 'total_to_monthly_ratio', 'avg_monthly_charges', 'total_services', 'service_density', 'customer_value_segment', 'tenure_stability', 'tenure_monthly_interaction', 'tenure_total_interaction', 'services_charges_interaction']
2026-02-10 11:12:59 - INFO - Training 'logistic_regression' model...
2026-02-10 11:12:59 - INFO - Evaluating model performance...
2026-02-10 11:12:59 - INFO - Successfully trained model. Weights saved at data/models\logreg_model_20260210_111259.joblib
2026-02-10 11:19:43 - WARNING - MLflow tracking disabled - not available
2026-02-10 11:19:43 - INFO - Using latest training data: data/processed/training_sets\churn_prediction_v1_20260210_111942.csv
2026-02-10 11:19:43 - INFO - Loading data from data/processed/training_sets\churn_prediction_v1_20260210_111942.csv...
2026-02-10 11:19:43 - INFO - Cleaning 'TotalCharges' column.
2026-02-10 11:19:43 - INFO - Selecting only numeric features for training.
2026-02-10 11:19:43 - INFO - Training with 41 features: ['SeniorCitizen', 'tenure', 'MonthlyCharges', 'TotalCharges', 'gender_Male', 'Partner_Yes', 'Dependents_Yes', 'PhoneService_Yes', 'MultipleLines_No phone service', 'MultipleLines_Yes', 'InternetService_Fiber optic', 'InternetService_No', 'OnlineSecurity_No internet service', 'OnlineSecurity_Yes', 'OnlineBackup_No internet service', 'OnlineBackup_Yes', 'DeviceProtection_No internet service', 'DeviceProtection_Yes', 'TechSupport_No internet service', 'TechSupport_Yes', 'StreamingTV_No internet service', 'StreamingTV_Yes', 'StreamingMovies_No internet service', 'StreamingMovies_Yes', 'Contract_One year', 'Contract_Two year', 'PaperlessBilling_Yes', 'PaymentMethod_Credit card (automatic)', 'PaymentMethod_Electronic check', 'PaymentMethod_Mailed check', 'tenure_group', 'charges_per_tenure', 'total_to_monthly_ratio', 'avg_monthly_charges', 'total_services', 'service_density', 'customer_value_segment', 'tenure_stability', 'tenure_monthly_interaction', 'tenure_total_interaction', 'services_charges_interaction']
2026-02-10 11:19:43 - INFO - Training 'logistic_regression' model...
2026-02-10 11:19:43 - INFO - Evaluating model performance...
2026-02-10 11:19:43 - INFO - Successfully trained model. Weights saved at data/models\logreg_model_20260210_111943.joblib
2026-02-10 11:21:21 - WARNING - MLflow tracking disabled - not available
2026-02-10 11:21:21 - INFO - Using latest training data: data/processed/training_sets\churn_prediction_v1_20260210_112120.csv
2026-02-10 11:21:21 - INFO - Loading data from data/processed/training_sets\churn_prediction_v1_20260210_112120.csv...
2026-02-10 11:21:21 - INFO - Cleaning 'TotalCharges' column.
2026-02-10 11:21:21 - INFO - Selecting only numeric features for training.
2026-02-10 11:21:21 - INFO - Training with 41 features: ['SeniorCitizen', 'tenure', 'MonthlyCharges', 'TotalCharges', 'gender_Male', 'Partner_Yes', 'Dependents_Yes', 'PhoneService_Yes', 'MultipleLines_No phone service', 'MultipleLines_Yes', 'InternetService_Fiber optic', 'InternetService_No', 'OnlineSecurity_No internet service', 'OnlineSecurity_Yes', 'OnlineBackup_No internet service', 'OnlineBackup_Yes', 'DeviceProtection_No internet service', 'DeviceProtection_Yes', 'TechSupport_No internet service', 'TechSupport_Yes', 'StreamingTV_No internet service', 'StreamingTV_Yes', 'StreamingMovies_No internet service', 'StreamingMovies_Yes', 'Contract_One year', 'Contract_Two year', 'PaperlessBilling_Yes', 'PaymentMethod_Credit card (automatic)', 'PaymentMethod_Electronic check', 'PaymentMethod_Mailed check', 'tenure_group', 'charges_per_tenure', 'total_to_monthly_ratio', 'avg_monthly_charges', 'total_services', 'service_density', 'customer_value_segment', 'tenure_stability', 'tenure_monthly_interaction', 'tenure_total_interaction', 'services_charges_interaction']
2026-02-10 11:21:21 - INFO - Training 'logistic_regression' model...
2026-02-10 11:21:21 - INFO - Evaluating model performance...
2026-02-10 11:21:21 - INFO - Successfully trained model. Weights saved at data/models\logreg_model_20260210_112121.joblib
2026-02-10 11:23:31 - WARNING - MLflow tracking disabled - not available
2026-02-10 11:23:31 - INFO - Using latest training data: data/processed/training_sets\churn_prediction_v1_20260210_112331.csv
2026-02-10 11:23:31 - INFO - Loading data from data/processed/training_sets\churn_prediction_v1_20260210_112331.csv...
2026-02-10 11:23:31 - INFO - Cleaning 'TotalCharges' column.
2026-02-10 11:23:31 - INFO - Selecting only numeric features for training.
2026-02-10 11:23:31 - INFO - Training with 41 features: ['SeniorCitizen', 'tenure', 'MonthlyCharges', 'TotalCharges', 'gender_Male', 'Partner_Yes', 'Dependents_Yes', 'PhoneService_Yes', 'MultipleLines_No phone service', 'MultipleLines_Yes', 'InternetService_Fiber optic', 'InternetService_No', 'OnlineSecurity_No internet service', 'OnlineSecurity_Yes', 'OnlineBackup_No internet service', 'OnlineBackup_Yes', 'DeviceProtection_No internet service', 'DeviceProtection_Yes', 'TechSupport_No internet service', 'TechSupport_Yes', 'StreamingTV_No internet service', 'StreamingTV_Yes', 'StreamingMovies_No internet service', 'StreamingMovies_Yes', 'Contract_One year', 'Contract_Two year', 'PaperlessBilling_Yes', 'PaymentMethod_Credit card (automatic)', 'PaymentMethod_Electronic check', 'PaymentMethod_Mailed check', 'tenure_group', 'charges_per_tenure', 'total_to_monthly_ratio', 'avg_monthly_charges', 'total_services', 'service_density', 'customer_value_segment', 'tenure_stability', 'tenure_monthly_interaction', 'tenure_total_interaction', 'services_charges_interaction']
2026-02-10 11:23:31 - INFO - Training 'logistic_regression' model...
2026-02-10 11:23:31 - INFO - Evaluating model performance...
2026-02-10 11:23:31 - INFO - Successfully trained model. Weights saved at data/models\logreg_model_20260210_112331.joblib
2026-02-10 11:24:28 - WARNING - MLflow tracking disabled - not available
2026-02-10 11:24:28 - INFO - Using latest training data: data/processed/training_sets\churn_prediction_v1_20260210_112428.csv
2026-02-10 11:24:28 - INFO - Loading data from data/processed/training_sets\churn_prediction_v1_20260210_112428.csv...
2026-02-10 11:24:28 - INFO - Cleaning 'TotalCharges' column.
2026-02-10 11:24:28 - INFO - Selecting only numeric features for training.
2026-02-10 11:24:28 - INFO - Training with 41 features: ['SeniorCitizen', 'tenure', 'MonthlyCharges', 'TotalCharges', 'gender_Male', 'Partner_Yes', 'Dependents_Yes', 'PhoneService_Yes', 'MultipleLines_No phone service', 'MultipleLines_Yes', 'InternetService_Fiber optic', 'InternetService_No', 'OnlineSecurity_No internet service', 'OnlineSecurity_Yes', 'OnlineBackup_No internet service', 'OnlineBackup_Yes', 'DeviceProtection_No internet service', 'DeviceProtection_Yes', 'TechSupport_No internet service', 'TechSupport_Yes', 'StreamingTV_No internet service', 'StreamingTV_Yes', 'StreamingMovies_No internet service', 'StreamingMovies_Yes', 'Contract_One year', 'Contract_Two year', 'PaperlessBilling_Yes', 'PaymentMethod_Credit card (automatic)', 'PaymentMethod_Electronic check', 'PaymentMethod_Mailed check', 'tenure_group', 'charges_per_tenure', 'total_to_monthly_ratio', 'avg_monthly_charges', 'total_services', 'service_density', 'customer_value_segment', 'tenure_stability', 'tenure_monthly_interaction', 'tenure_total_interaction', 'services_charges_interaction']
2026-02-10 11:24:28 - INFO - Training 'logistic_regression' model...
2026-02-10 11:24:28 - INFO - Evaluating model performance...
2026-02-10 11:24:28 - INFO - Successfully trained model. Weights saved at data/models\logreg_model_20260210_112428.joblib
